<?xml version="1.0" encoding="UTF-8"?>
<testng-results ignored="0" total="1" passed="1" failed="0" skipped="0">
  <reporter-output>
  </reporter-output>
  <suite started-at="2023-09-15T13:35:07 IST" name="Surefire suite" finished-at="2023-09-15T13:35:51 IST" duration-ms="44884">
    <groups>
    </groups>
    <test started-at="2023-09-15T13:35:07 IST" name="Surefire test" finished-at="2023-09-15T13:35:51 IST" duration-ms="44884">
      <class name="mavenproject.Testhelloworld">
        <test-method signature="testHelloWorld()[pri:0, instance:mavenproject.Testhelloworld@3af9c5b7]" started-at="2023-09-15T13:35:07 IST" name="testHelloWorld" finished-at="2023-09-15T13:35:51 IST" duration-ms="44869" status="PASS">
          <reporter-output>
          </reporter-output>
        </test-method> <!-- testHelloWorld -->
      </class> <!-- mavenproject.Testhelloworld -->
    </test> <!-- Surefire test -->
  </suite> <!-- Surefire suite -->
</testng-results>
